<?xml version="1.0" encoding="UTF-8"?>
<!-- Generated by org.testng.reporters.JUnitReportReporter -->
<testsuite hostname="PravinBk" failures="0" tests="1" name="Test.TestClass" time="24.868" errors="0" timestamp="2024-05-16T17:14:28 IST" skipped="0">
  <testcase classname="Test.TestClass" name="SchoolProfile" time="24.868"/>
  <system-out/>
</testsuite> <!-- Test.TestClass -->
