<?xml version="1.0" encoding="UTF-8"?>
<!-- Generated by org.testng.reporters.JUnitReportReporter -->
<testsuite hostname="PravinBK" failures="0" tests="1" name="Test.TestClass" time="12.869" errors="0" timestamp="2025-08-04T11:06:13 IST" skipped="0">
  <testcase classname="Test.TestClass" name="Login" time="12.869"/>
</testsuite> <!-- Test.TestClass -->
