<?xml version="1.0" encoding="UTF-8"?>
<!-- Generated by org.testng.reporters.JUnitReportReporter -->
<testsuite hostname="PravinBk" failures="0" tests="1" name="Test.TestClass" time="7.694" errors="0" timestamp="2024-02-06T17:44:06 IST" skipped="0">
  <testcase classname="Test.TestClass" name="TC" time="7.694"/>
</testsuite> <!-- Test.TestClass -->
